# JRE version: Java(TM) SE Runtime Environment (14.0+36) (build 14+36-1461)
# Java VM: Java HotSpot(TM) 64-Bit Server VM (14+36-1461, mixed mode, sharing, tiered, compressed oops, g1 gc, windows-amd64)
Heap:
 garbage-first heap   total 1708032K, used 541184K [0x0000000701c00000, 0x0000000800000000)
  region size 1024K, 4 young (4096K), 4 survivors (4096K)
 Metaspace       used 1146K, capacity 4563K, committed 4864K, reserved 1056768K
  class space    used 106K, capacity 410K, committed 512K, reserved 1048576K
GC Heap History (20 events):
Event: 3.730 GC heap after
{Heap after GC invocations=3 (full 0):
 garbage-first heap   total 262144K, used 107520K [0x0000000701c00000, 0x0000000800000000)
  region size 1024K, 3 young (3072K), 3 survivors (3072K)
 Metaspace       used 1146K, capacity 4563K, committed 4864K, reserved 1056768K
  class space    used 106K, capacity 410K, committed 512K, reserved 1048576K
}
Event: 3.740 GC heap before
{Heap before GC invocations=3 (full 0):
 garbage-first heap   total 262144K, used 119808K [0x0000000701c00000, 0x0000000800000000)
  region size 1024K, 16 young (16384K), 3 survivors (3072K)
 Metaspace       used 1146K, capacity 4563K, committed 4864K, reserved 1056768K
  class space    used 106K, capacity 410K, committed 512K, reserved 1048576K
}
Event: 3.758 GC heap after
{Heap after GC invocations=4 (full 0):
 garbage-first heap   total 262144K, used 121856K [0x0000000701c00000, 0x0000000800000000)
  region size 1024K, 4 young (4096K), 4 survivors (4096K)
 Metaspace       used 1146K, capacity 4563K, committed 4864K, reserved 1056768K
  class space    used 106K, capacity 410K, committed 512K, reserved 1048576K
}
Event: 3.847 GC heap before
{Heap before GC invocations=4 (full 0):
 garbage-first heap   total 262144K, used 218112K [0x0000000701c00000, 0x0000000800000000)
  region size 1024K, 38 young (38912K), 4 survivors (4096K)
 Metaspace       used 1146K, capacity 4563K, committed 4864K, reserved 1056768K
  class space    used 106K, capacity 410K, committed 512K, reserved 1048576K
}
Event: 3.899 GC heap after
{Heap after GC invocations=5 (full 0):
 garbage-first heap   total 318464K, used 219136K [0x0000000701c00000, 0x0000000800000000)
  region size 1024K, 5 young (5120K), 5 survivors (5120K)
 Metaspace       used 1146K, capacity 4563K, committed 4864K, reserved 1056768K
  class space    used 106K, capacity 410K, committed 512K, reserved 1048576K
}
Event: 3.923 GC heap before
{Heap before GC invocations=5 (full 0):
 garbage-first heap   total 339968K, used 203776K [0x0000000701c00000, 0x0000000800000000)
  region size 1024K, 24 young (24576K), 5 survivors (5120K)
 Metaspace       used 1146K, capacity 4563K, committed 4864K, reserved 1056768K
  class space    used 106K, capacity 410K, committed 512K, reserved 1048576K
}
Event: 3.948 GC heap after
{Heap after GC invocations=6 (full 0):
 garbage-first heap   total 339968K, used 204800K [0x0000000701c00000, 0x0000000800000000)
  region size 1024K, 3 young (3072K), 3 survivors (3072K)
 Metaspace       used 1146K, capacity 4563K, committed 4864K, reserved 1056768K
  class space    used 106K, capacity 410K, committed 512K, reserved 1048576K
}
Event: 4.006 GC heap before
{Heap before GC invocations=6 (full 0):
 garbage-first heap   total 339968K, used 289792K [0x0000000701c00000, 0x0000000800000000)
  region size 1024K, 33 young (33792K), 3 survivors (3072K)
 Metaspace       used 1146K, capacity 4563K, committed 4864K, reserved 1056768K
  class space    used 106K, capacity 410K, committed 512K, reserved 1048576K
}
Event: 4.053 GC heap after
{Heap after GC invocations=7 (full 0):
 garbage-first heap   total 339968K, used 291840K [0x0000000701c00000, 0x0000000800000000)
  region size 1024K, 5 young (5120K), 5 survivors (5120K)
 Metaspace       used 1146K, capacity 4563K, committed 4864K, reserved 1056768K
  class space    used 106K, capacity 410K, committed 512K, reserved 1048576K
}
Event: 4.064 GC heap before
{Heap before GC invocations=7 (full 0):
 garbage-first heap   total 339968K, used 303104K [0x0000000701c00000, 0x0000000800000000)
  region size 1024K, 16 young (16384K), 5 survivors (5120K)
 Metaspace       used 1146K, capacity 4563K, committed 4864K, reserved 1056768K
  class space    used 106K, capacity 410K, committed 512K, reserved 1048576K
}
Event: 4.083 GC heap after
{Heap after GC invocations=8 (full 0):
 garbage-first heap   total 339968K, used 305152K [0x0000000701c00000, 0x0000000800000000)
  region size 1024K, 2 young (2048K), 2 survivors (2048K)
 Metaspace       used 1146K, capacity 4563K, committed 4864K, reserved 1056768K
  class space    used 106K, capacity 410K, committed 512K, reserved 1048576K
}
Event: 4.093 GC heap before
{Heap before GC invocations=8 (full 0):
 garbage-first heap   total 339968K, used 319488K [0x0000000701c00000, 0x0000000800000000)
  region size 1024K, 16 young (16384K), 2 survivors (2048K)
 Metaspace       used 1146K, capacity 4563K, committed 4864K, reserved 1056768K
  class space    used 106K, capacity 410K, committed 512K, reserved 1048576K
}
Event: 4.110 GC heap after
{Heap after GC invocations=9 (full 0):
 garbage-first heap   total 569344K, used 320490K [0x0000000701c00000, 0x0000000800000000)
  region size 1024K, 2 young (2048K), 2 survivors (2048K)
 Metaspace       used 1146K, capacity 4563K, committed 4864K, reserved 1056768K
  class space    used 106K, capacity 410K, committed 512K, reserved 1048576K
}
Event: 4.162 GC heap before
{Heap before GC invocations=10 (full 0):
 garbage-first heap   total 569344K, used 361450K [0x0000000701c00000, 0x0000000800000000)
  region size 1024K, 43 young (44032K), 2 survivors (2048K)
 Metaspace       used 1146K, capacity 4563K, committed 4864K, reserved 1056768K
  class space    used 106K, capacity 410K, committed 512K, reserved 1048576K
}
Event: 4.201 GC heap after
{Heap after GC invocations=11 (full 0):
 garbage-first heap   total 569344K, used 363898K [0x0000000701c00000, 0x0000000800000000)
  region size 1024K, 8 young (8192K), 8 survivors (8192K)
 Metaspace       used 1146K, capacity 4563K, committed 4864K, reserved 1056768K
  class space    used 106K, capacity 410K, committed 512K, reserved 1048576K
}
Event: 4.314 GC heap before
{Heap before GC invocations=11 (full 0):
 garbage-first heap   total 569344K, used 490874K [0x0000000701c00000, 0x0000000800000000)
  region size 1024K, 52 young (53248K), 8 survivors (8192K)
 Metaspace       used 1146K, capacity 4563K, committed 4864K, reserved 1056768K
  class space    used 106K, capacity 410K, committed 512K, reserved 1048576K
}
Event: 4.370 GC heap after
{Heap after GC invocations=12 (full 0):
 garbage-first heap   total 569344K, used 492544K [0x0000000701c00000, 0x0000000800000000)
  region size 1024K, 7 young (7168K), 7 survivors (7168K)
 Metaspace       used 1146K, capacity 4563K, committed 4864K, reserved 1056768K
  class space    used 106K, capacity 410K, committed 512K, reserved 1048576K
}
Event: 4.385 GC heap before
{Heap before GC invocations=12 (full 0):
 garbage-first heap   total 569344K, used 513024K [0x0000000701c00000, 0x0000000800000000)
  region size 1024K, 27 young (27648K), 7 survivors (7168K)
 Metaspace       used 1146K, capacity 4563K, committed 4864K, reserved 1056768K
  class space    used 106K, capacity 410K, committed 512K, reserved 1048576K
}
Event: 4.411 GC heap after
{Heap after GC invocations=13 (full 0):
 garbage-first heap   total 569344K, used 515584K [0x0000000701c00000, 0x0000000800000000)
  region size 1024K, 4 young (4096K), 4 survivors (4096K)
 Metaspace       used 1146K, capacity 4563K, committed 4864K, reserved 1056768K
  class space    used 106K, capacity 410K, committed 512K, reserved 1048576K
}
Event: 4.428 GC heap before
{Heap before GC invocations=13 (full 0):
 garbage-first heap   total 569344K, used 539136K [0x0000000701c00000, 0x0000000800000000)
  region size 1024K, 27 young (27648K), 4 survivors (4096K)
 Metaspace       used 1146K, capacity 4563K, committed 4864K, reserved 1056768K
  class space    used 106K, capacity 410K, committed 512K, reserved 1048576K
}

